2022-02-28 01:31:19.743  INFO 36608 --- [restartedMain] com.innova.loan.LoanApplication          : Starting LoanApplication using Java 11.0.11 on DESKTOP-LJAO3JT with PID 36608 (C:\Users\MSI\Desktop\loan\target\classes started by MSI in C:\Users\MSI\Desktop\loan)
2022-02-28 01:31:19.748  INFO 36608 --- [restartedMain] com.innova.loan.LoanApplication          : No active profile set, falling back to 1 default profile: "default"
2022-02-28 01:31:19.810  INFO 36608 --- [restartedMain] .e.DevToolsPropertyDefaultsPostProcessor : Devtools property defaults active! Set 'spring.devtools.add-properties' to 'false' to disable
2022-02-28 01:31:19.811  INFO 36608 --- [restartedMain] .e.DevToolsPropertyDefaultsPostProcessor : For additional web related logging consider setting the 'logging.level.web' property to 'DEBUG'
2022-02-28 01:31:20.837  INFO 36608 --- [restartedMain] .s.d.r.c.RepositoryConfigurationDelegate : Bootstrapping Spring Data JPA repositories in DEFAULT mode.
2022-02-28 01:31:20.887  INFO 36608 --- [restartedMain] .s.d.r.c.RepositoryConfigurationDelegate : Finished Spring Data repository scanning in 42 ms. Found 2 JPA repository interfaces.
2022-02-28 01:31:21.495  INFO 36608 --- [restartedMain] o.s.b.w.embedded.tomcat.TomcatWebServer  : Tomcat initialized with port(s): 8081 (http)
2022-02-28 01:31:21.503  INFO 36608 --- [restartedMain] o.apache.catalina.core.StandardService   : Starting service [Tomcat]
2022-02-28 01:31:21.504  INFO 36608 --- [restartedMain] org.apache.catalina.core.StandardEngine  : Starting Servlet engine: [Apache Tomcat/9.0.58]
2022-02-28 01:31:21.616  INFO 36608 --- [restartedMain] o.a.c.c.C.[Tomcat].[localhost].[/]       : Initializing Spring embedded WebApplicationContext
2022-02-28 01:31:21.616  INFO 36608 --- [restartedMain] w.s.c.ServletWebServerApplicationContext : Root WebApplicationContext: initialization completed in 1804 ms
2022-02-28 01:31:21.705  INFO 36608 --- [restartedMain] com.zaxxer.hikari.HikariDataSource       : HikariPool-1 - Starting...
2022-02-28 01:31:21.837  INFO 36608 --- [restartedMain] com.zaxxer.hikari.HikariDataSource       : HikariPool-1 - Start completed.
2022-02-28 01:31:21.846  INFO 36608 --- [restartedMain] o.s.b.a.h2.H2ConsoleAutoConfiguration    : H2 console available at '/h2-console'. Database available at 'jdbc:h2:file:./memory_persist/loandb'
2022-02-28 01:31:21.958  INFO 36608 --- [restartedMain] o.hibernate.jpa.internal.util.LogHelper  : HHH000204: Processing PersistenceUnitInfo [name: default]
2022-02-28 01:31:21.996  INFO 36608 --- [restartedMain] org.hibernate.Version                    : HHH000412: Hibernate ORM core version 5.6.5.Final
2022-02-28 01:31:22.127  INFO 36608 --- [restartedMain] o.hibernate.annotations.common.Version   : HCANN000001: Hibernate Commons Annotations {5.1.2.Final}
2022-02-28 01:31:22.237  INFO 36608 --- [restartedMain] org.hibernate.dialect.Dialect            : HHH000400: Using dialect: org.hibernate.dialect.H2Dialect
2022-02-28 01:31:22.840  INFO 36608 --- [restartedMain] o.h.e.t.j.p.i.JtaPlatformInitiator       : HHH000490: Using JtaPlatform implementation: [org.hibernate.engine.transaction.jta.platform.internal.NoJtaPlatform]
2022-02-28 01:31:22.848  INFO 36608 --- [restartedMain] j.LocalContainerEntityManagerFactoryBean : Initialized JPA EntityManagerFactory for persistence unit 'default'
2022-02-28 01:31:23.985  WARN 36608 --- [restartedMain] JpaBaseConfiguration$JpaWebConfiguration : spring.jpa.open-in-view is enabled by default. Therefore, database queries may be performed during view rendering. Explicitly configure spring.jpa.open-in-view to disable this warning
2022-02-28 01:31:24.459  WARN 36608 --- [restartedMain] ion$DefaultTemplateResolverConfiguration : Cannot find template location: classpath:/templates/ (please add some templates or check your Thymeleaf configuration)
2022-02-28 01:31:24.719  INFO 36608 --- [restartedMain] o.s.b.d.a.OptionalLiveReloadServer       : LiveReload server is running on port 35729
2022-02-28 01:31:24.723  INFO 36608 --- [restartedMain] o.s.b.a.e.web.EndpointLinksResolver      : Exposing 1 endpoint(s) beneath base path '/actuator'
2022-02-28 01:31:24.769  INFO 36608 --- [restartedMain] o.s.b.w.embedded.tomcat.TomcatWebServer  : Tomcat started on port(s): 8081 (http) with context path ''
2022-02-28 01:31:24.795  INFO 36608 --- [restartedMain] com.innova.loan.LoanApplication          : Started LoanApplication in 5.553 seconds (JVM running for 7.274)
2022-02-28 01:31:25.232  INFO 36608 --- [RMI TCP Connection(1)-192.168.56.1] o.a.c.c.C.[Tomcat].[localhost].[/]       : Initializing Spring DispatcherServlet 'dispatcherServlet'
2022-02-28 01:31:25.233  INFO 36608 --- [RMI TCP Connection(1)-192.168.56.1] o.s.web.servlet.DispatcherServlet        : Initializing Servlet 'dispatcherServlet'
2022-02-28 01:31:25.234  INFO 36608 --- [RMI TCP Connection(1)-192.168.56.1] o.s.web.servlet.DispatcherServlet        : Completed initialization in 1 ms
2022-02-28 01:32:12.072  WARN 36608 --- [http-nio-8081-exec-3] .w.s.m.s.DefaultHandlerExceptionResolver : Resolved [org.springframework.web.HttpRequestMethodNotSupportedException: Request method 'POST' not supported]
2022-02-28 01:32:21.619 ERROR 36608 --- [http-nio-8081-exec-4] com.innova.loan.service.LoanService      : I/O error on GET request for "http://localhost:8080/api/v1/customer/1": Connect to localhost:8080 [localhost/127.0.0.1, localhost/0:0:0:0:0:0:0:1] failed: Connection refused: connect; nested exception is org.apache.http.conn.HttpHostConnectException: Connect to localhost:8080 [localhost/127.0.0.1, localhost/0:0:0:0:0:0:0:1] failed: Connection refused: connect
2022-02-28 01:32:21.622  WARN 36608 --- [http-nio-8081-exec-4] .w.s.m.a.ResponseStatusExceptionResolver : Resolved [com.innova.loan.exception.DataNotCreatedException: Entity Could Not Created!]
2022-02-28 01:32:45.334 ERROR 36608 --- [http-nio-8081-exec-6] com.innova.loan.service.LoanService      : 500 : "{"error":"No value present"}"
2022-02-28 01:32:45.335  WARN 36608 --- [http-nio-8081-exec-6] .w.s.m.a.ResponseStatusExceptionResolver : Resolved [com.innova.loan.exception.DataNotCreatedException: Entity Could Not Created!]
2022-02-28 01:33:09.662 ERROR 36608 --- [http-nio-8081-exec-8] com.innova.loan.service.LoanService      : 500 : "{"error":"No value present"}"
2022-02-28 01:33:09.663  WARN 36608 --- [http-nio-8081-exec-8] .w.s.m.a.ResponseStatusExceptionResolver : Resolved [com.innova.loan.exception.DataNotCreatedException: Entity Could Not Created!]
2022-02-28 01:33:26.012 ERROR 36608 --- [http-nio-8081-exec-10] com.innova.loan.service.LoanService      : 500 : "{"error":"No value present"}"
2022-02-28 01:33:26.012  WARN 36608 --- [http-nio-8081-exec-10] .w.s.m.a.ResponseStatusExceptionResolver : Resolved [com.innova.loan.exception.DataNotCreatedException: Entity Could Not Created!]
2022-02-28 01:33:30.014 ERROR 36608 --- [http-nio-8081-exec-2] com.innova.loan.service.LoanService      : 500 : "{"error":"No value present"}"
2022-02-28 01:33:30.015  WARN 36608 --- [http-nio-8081-exec-2] .w.s.m.a.ResponseStatusExceptionResolver : Resolved [com.innova.loan.exception.DataNotCreatedException: Entity Could Not Created!]
2022-02-28 01:33:34.580 ERROR 36608 --- [http-nio-8081-exec-4] com.innova.loan.service.LoanService      : 500 : "{"error":"No value present"}"
2022-02-28 01:33:34.581  WARN 36608 --- [http-nio-8081-exec-4] .w.s.m.a.ResponseStatusExceptionResolver : Resolved [com.innova.loan.exception.DataNotCreatedException: Entity Could Not Created!]
2022-02-28 01:36:43.114  WARN 36608 --- [http-nio-8081-exec-7] .w.s.m.s.DefaultHandlerExceptionResolver : Resolved [org.springframework.web.HttpRequestMethodNotSupportedException: Request method 'POST' not supported]
2022-02-28 01:36:50.712 ERROR 36608 --- [http-nio-8081-exec-8] com.innova.loan.service.LoanService      : 500 : "{"error":"No value present"}"
2022-02-28 01:36:50.713  WARN 36608 --- [http-nio-8081-exec-8] .w.s.m.a.ResponseStatusExceptionResolver : Resolved [com.innova.loan.exception.DataNotCreatedException: Entity Could Not Created!]
2022-02-28 01:37:26.650 ERROR 36608 --- [http-nio-8081-exec-4] com.innova.loan.service.LoanService      : 500 : "{"error":"No value present"}"
2022-02-28 01:37:26.650  WARN 36608 --- [http-nio-8081-exec-4] .w.s.m.a.ResponseStatusExceptionResolver : Resolved [com.innova.loan.exception.DataNotCreatedException: Entity Could Not Created!]
2022-02-28 01:37:56.929  INFO 36608 --- [SpringApplicationShutdownHook] j.LocalContainerEntityManagerFactoryBean : Closing JPA EntityManagerFactory for persistence unit 'default'
2022-02-28 01:37:56.934  INFO 36608 --- [SpringApplicationShutdownHook] com.zaxxer.hikari.HikariDataSource       : HikariPool-1 - Shutdown initiated...
2022-02-28 01:37:56.937  INFO 36608 --- [SpringApplicationShutdownHook] com.zaxxer.hikari.HikariDataSource       : HikariPool-1 - Shutdown completed.
2022-02-28 01:38:03.438  INFO 36368 --- [restartedMain] com.innova.loan.LoanApplication          : Starting LoanApplication using Java 11.0.11 on DESKTOP-LJAO3JT with PID 36368 (C:\Users\MSI\Desktop\loan\target\classes started by MSI in C:\Users\MSI\Desktop\loan)
2022-02-28 01:38:03.440  INFO 36368 --- [restartedMain] com.innova.loan.LoanApplication          : No active profile set, falling back to 1 default profile: "default"
2022-02-28 01:38:03.498  INFO 36368 --- [restartedMain] .e.DevToolsPropertyDefaultsPostProcessor : Devtools property defaults active! Set 'spring.devtools.add-properties' to 'false' to disable
2022-02-28 01:38:03.498  INFO 36368 --- [restartedMain] .e.DevToolsPropertyDefaultsPostProcessor : For additional web related logging consider setting the 'logging.level.web' property to 'DEBUG'
2022-02-28 01:38:04.610  INFO 36368 --- [restartedMain] .s.d.r.c.RepositoryConfigurationDelegate : Bootstrapping Spring Data JPA repositories in DEFAULT mode.
2022-02-28 01:38:04.665  INFO 36368 --- [restartedMain] .s.d.r.c.RepositoryConfigurationDelegate : Finished Spring Data repository scanning in 46 ms. Found 2 JPA repository interfaces.
2022-02-28 01:38:05.250  INFO 36368 --- [restartedMain] o.s.b.w.embedded.tomcat.TomcatWebServer  : Tomcat initialized with port(s): 8081 (http)
2022-02-28 01:38:05.259  INFO 36368 --- [restartedMain] o.apache.catalina.core.StandardService   : Starting service [Tomcat]
2022-02-28 01:38:05.260  INFO 36368 --- [restartedMain] org.apache.catalina.core.StandardEngine  : Starting Servlet engine: [Apache Tomcat/9.0.58]
2022-02-28 01:38:05.368  INFO 36368 --- [restartedMain] o.a.c.c.C.[Tomcat].[localhost].[/]       : Initializing Spring embedded WebApplicationContext
2022-02-28 01:38:05.368  INFO 36368 --- [restartedMain] w.s.c.ServletWebServerApplicationContext : Root WebApplicationContext: initialization completed in 1869 ms
2022-02-28 01:38:05.485  INFO 36368 --- [restartedMain] com.zaxxer.hikari.HikariDataSource       : HikariPool-1 - Starting...
2022-02-28 01:38:05.619  INFO 36368 --- [restartedMain] com.zaxxer.hikari.HikariDataSource       : HikariPool-1 - Start completed.
2022-02-28 01:38:05.629  INFO 36368 --- [restartedMain] o.s.b.a.h2.H2ConsoleAutoConfiguration    : H2 console available at '/h2-console'. Database available at 'jdbc:h2:file:./memory_persist/loandb'
2022-02-28 01:38:05.759  INFO 36368 --- [restartedMain] o.hibernate.jpa.internal.util.LogHelper  : HHH000204: Processing PersistenceUnitInfo [name: default]
2022-02-28 01:38:05.803  INFO 36368 --- [restartedMain] org.hibernate.Version                    : HHH000412: Hibernate ORM core version 5.6.5.Final
2022-02-28 01:38:05.984  INFO 36368 --- [restartedMain] o.hibernate.annotations.common.Version   : HCANN000001: Hibernate Commons Annotations {5.1.2.Final}
2022-02-28 01:38:06.141  INFO 36368 --- [restartedMain] org.hibernate.dialect.Dialect            : HHH000400: Using dialect: org.hibernate.dialect.H2Dialect
2022-02-28 01:38:06.891  INFO 36368 --- [restartedMain] o.h.e.t.j.p.i.JtaPlatformInitiator       : HHH000490: Using JtaPlatform implementation: [org.hibernate.engine.transaction.jta.platform.internal.NoJtaPlatform]
2022-02-28 01:38:06.900  INFO 36368 --- [restartedMain] j.LocalContainerEntityManagerFactoryBean : Initialized JPA EntityManagerFactory for persistence unit 'default'
2022-02-28 01:38:07.686  WARN 36368 --- [restartedMain] JpaBaseConfiguration$JpaWebConfiguration : spring.jpa.open-in-view is enabled by default. Therefore, database queries may be performed during view rendering. Explicitly configure spring.jpa.open-in-view to disable this warning
2022-02-28 01:38:08.263  WARN 36368 --- [restartedMain] ion$DefaultTemplateResolverConfiguration : Cannot find template location: classpath:/templates/ (please add some templates or check your Thymeleaf configuration)
2022-02-28 01:38:08.578  INFO 36368 --- [restartedMain] o.s.b.d.a.OptionalLiveReloadServer       : LiveReload server is running on port 35729
2022-02-28 01:38:08.582  INFO 36368 --- [restartedMain] o.s.b.a.e.web.EndpointLinksResolver      : Exposing 1 endpoint(s) beneath base path '/actuator'
2022-02-28 01:38:08.636  INFO 36368 --- [restartedMain] o.s.b.w.embedded.tomcat.TomcatWebServer  : Tomcat started on port(s): 8081 (http) with context path ''
2022-02-28 01:38:08.656  INFO 36368 --- [restartedMain] com.innova.loan.LoanApplication          : Started LoanApplication in 5.804 seconds (JVM running for 7.631)
2022-02-28 01:38:09.146  INFO 36368 --- [RMI TCP Connection(5)-192.168.56.1] o.a.c.c.C.[Tomcat].[localhost].[/]       : Initializing Spring DispatcherServlet 'dispatcherServlet'
2022-02-28 01:38:09.147  INFO 36368 --- [RMI TCP Connection(5)-192.168.56.1] o.s.web.servlet.DispatcherServlet        : Initializing Servlet 'dispatcherServlet'
2022-02-28 01:38:09.148  INFO 36368 --- [RMI TCP Connection(5)-192.168.56.1] o.s.web.servlet.DispatcherServlet        : Completed initialization in 1 ms
2022-02-28 01:38:34.499 ERROR 36368 --- [http-nio-8081-exec-2] com.innova.loan.service.LoanService      : 500 : "{"error":"No value present"}"
2022-02-28 01:38:34.506  WARN 36368 --- [http-nio-8081-exec-2] .w.s.m.a.ResponseStatusExceptionResolver : Resolved [com.innova.loan.exception.DataNotCreatedException: Entity Could Not Created!]
2022-02-28 01:39:06.611 ERROR 36368 --- [http-nio-8081-exec-4] com.innova.loan.service.LoanService      : 500 : "{"error":"No value present"}"
2022-02-28 01:39:06.613  WARN 36368 --- [http-nio-8081-exec-4] .w.s.m.a.ResponseStatusExceptionResolver : Resolved [com.innova.loan.exception.DataNotCreatedException: Entity Could Not Created!]
2022-02-28 01:39:48.418 ERROR 36368 --- [http-nio-8081-exec-6] com.innova.loan.service.LoanService      : 500 : "{"error":"No value present"}"
2022-02-28 01:39:48.419  WARN 36368 --- [http-nio-8081-exec-6] .w.s.m.a.ResponseStatusExceptionResolver : Resolved [com.innova.loan.exception.DataNotCreatedException: Entity Could Not Created!]
2022-02-28 01:41:09.190  INFO 36368 --- [SpringApplicationShutdownHook] j.LocalContainerEntityManagerFactoryBean : Closing JPA EntityManagerFactory for persistence unit 'default'
2022-02-28 01:41:09.196  INFO 36368 --- [SpringApplicationShutdownHook] com.zaxxer.hikari.HikariDataSource       : HikariPool-1 - Shutdown initiated...
2022-02-28 01:41:09.201  INFO 36368 --- [SpringApplicationShutdownHook] com.zaxxer.hikari.HikariDataSource       : HikariPool-1 - Shutdown completed.
2022-02-28 01:41:18.575  INFO 10696 --- [restartedMain] com.innova.loan.LoanApplication          : Starting LoanApplication using Java 11.0.11 on DESKTOP-LJAO3JT with PID 10696 (C:\Users\MSI\Desktop\loan\target\classes started by MSI in C:\Users\MSI\Desktop\loan)
2022-02-28 01:41:18.577  INFO 10696 --- [restartedMain] com.innova.loan.LoanApplication          : No active profile set, falling back to 1 default profile: "default"
2022-02-28 01:41:18.688  INFO 10696 --- [restartedMain] .e.DevToolsPropertyDefaultsPostProcessor : Devtools property defaults active! Set 'spring.devtools.add-properties' to 'false' to disable
2022-02-28 01:41:18.689  INFO 10696 --- [restartedMain] .e.DevToolsPropertyDefaultsPostProcessor : For additional web related logging consider setting the 'logging.level.web' property to 'DEBUG'
2022-02-28 01:41:19.909  INFO 10696 --- [restartedMain] .s.d.r.c.RepositoryConfigurationDelegate : Bootstrapping Spring Data JPA repositories in DEFAULT mode.
2022-02-28 01:41:19.975  INFO 10696 --- [restartedMain] .s.d.r.c.RepositoryConfigurationDelegate : Finished Spring Data repository scanning in 56 ms. Found 2 JPA repository interfaces.
2022-02-28 01:41:20.617  INFO 10696 --- [restartedMain] o.s.b.w.embedded.tomcat.TomcatWebServer  : Tomcat initialized with port(s): 8081 (http)
2022-02-28 01:41:20.629  INFO 10696 --- [restartedMain] o.apache.catalina.core.StandardService   : Starting service [Tomcat]
2022-02-28 01:41:20.629  INFO 10696 --- [restartedMain] org.apache.catalina.core.StandardEngine  : Starting Servlet engine: [Apache Tomcat/9.0.58]
2022-02-28 01:41:20.736  INFO 10696 --- [restartedMain] o.a.c.c.C.[Tomcat].[localhost].[/]       : Initializing Spring embedded WebApplicationContext
2022-02-28 01:41:20.736  INFO 10696 --- [restartedMain] w.s.c.ServletWebServerApplicationContext : Root WebApplicationContext: initialization completed in 2047 ms
2022-02-28 01:41:20.850  INFO 10696 --- [restartedMain] com.zaxxer.hikari.HikariDataSource       : HikariPool-1 - Starting...
2022-02-28 01:41:20.987  INFO 10696 --- [restartedMain] com.zaxxer.hikari.HikariDataSource       : HikariPool-1 - Start completed.
2022-02-28 01:41:20.997  INFO 10696 --- [restartedMain] o.s.b.a.h2.H2ConsoleAutoConfiguration    : H2 console available at '/h2-console'. Database available at 'jdbc:h2:file:./memory_persist/loandb'
2022-02-28 01:41:21.124  INFO 10696 --- [restartedMain] o.hibernate.jpa.internal.util.LogHelper  : HHH000204: Processing PersistenceUnitInfo [name: default]
2022-02-28 01:41:21.172  INFO 10696 --- [restartedMain] org.hibernate.Version                    : HHH000412: Hibernate ORM core version 5.6.5.Final
2022-02-28 01:41:21.313  INFO 10696 --- [restartedMain] o.hibernate.annotations.common.Version   : HCANN000001: Hibernate Commons Annotations {5.1.2.Final}
2022-02-28 01:41:21.436  INFO 10696 --- [restartedMain] org.hibernate.dialect.Dialect            : HHH000400: Using dialect: org.hibernate.dialect.H2Dialect
2022-02-28 01:41:22.315  INFO 10696 --- [restartedMain] o.h.e.t.j.p.i.JtaPlatformInitiator       : HHH000490: Using JtaPlatform implementation: [org.hibernate.engine.transaction.jta.platform.internal.NoJtaPlatform]
2022-02-28 01:41:22.327  INFO 10696 --- [restartedMain] j.LocalContainerEntityManagerFactoryBean : Initialized JPA EntityManagerFactory for persistence unit 'default'
2022-02-28 01:41:23.112  WARN 10696 --- [restartedMain] JpaBaseConfiguration$JpaWebConfiguration : spring.jpa.open-in-view is enabled by default. Therefore, database queries may be performed during view rendering. Explicitly configure spring.jpa.open-in-view to disable this warning
2022-02-28 01:41:23.713  WARN 10696 --- [restartedMain] ion$DefaultTemplateResolverConfiguration : Cannot find template location: classpath:/templates/ (please add some templates or check your Thymeleaf configuration)
2022-02-28 01:41:24.333  INFO 10696 --- [restartedMain] o.s.b.d.a.OptionalLiveReloadServer       : LiveReload server is running on port 35729
2022-02-28 01:41:24.342  INFO 10696 --- [restartedMain] o.s.b.a.e.web.EndpointLinksResolver      : Exposing 1 endpoint(s) beneath base path '/actuator'
2022-02-28 01:41:24.460  INFO 10696 --- [restartedMain] o.s.b.w.embedded.tomcat.TomcatWebServer  : Tomcat started on port(s): 8081 (http) with context path ''
2022-02-28 01:41:24.490  INFO 10696 --- [restartedMain] com.innova.loan.LoanApplication          : Started LoanApplication in 6.5 seconds (JVM running for 8.06)
2022-02-28 01:41:25.119  INFO 10696 --- [RMI TCP Connection(8)-192.168.56.1] o.a.c.c.C.[Tomcat].[localhost].[/]       : Initializing Spring DispatcherServlet 'dispatcherServlet'
2022-02-28 01:41:25.121  INFO 10696 --- [RMI TCP Connection(8)-192.168.56.1] o.s.web.servlet.DispatcherServlet        : Initializing Servlet 'dispatcherServlet'
2022-02-28 01:41:25.124  INFO 10696 --- [RMI TCP Connection(8)-192.168.56.1] o.s.web.servlet.DispatcherServlet        : Completed initialization in 3 ms
2022-02-28 01:42:21.348 ERROR 10696 --- [http-nio-8081-exec-1] com.innova.loan.service.LoanService      : 404 : "{"timestamp":"2022-02-27T22:42:02.625+00:00","status":404,"error":"Not Found","message":"No message available","path":"/api/v1/customer1"}"
2022-02-28 01:42:21.353  WARN 10696 --- [http-nio-8081-exec-1] .w.s.m.a.ResponseStatusExceptionResolver : Resolved [com.innova.loan.exception.DataNotCreatedException: Entity Could Not Created!]
2022-02-28 01:42:42.804  INFO 10696 --- [SpringApplicationShutdownHook] j.LocalContainerEntityManagerFactoryBean : Closing JPA EntityManagerFactory for persistence unit 'default'
2022-02-28 01:42:42.809  INFO 10696 --- [SpringApplicationShutdownHook] com.zaxxer.hikari.HikariDataSource       : HikariPool-1 - Shutdown initiated...
2022-02-28 01:42:42.814  INFO 10696 --- [SpringApplicationShutdownHook] com.zaxxer.hikari.HikariDataSource       : HikariPool-1 - Shutdown completed.
2022-02-28 01:42:51.022  INFO 36432 --- [restartedMain] com.innova.loan.LoanApplication          : Starting LoanApplication using Java 11.0.11 on DESKTOP-LJAO3JT with PID 36432 (C:\Users\MSI\Desktop\loan\target\classes started by MSI in C:\Users\MSI\Desktop\loan)
2022-02-28 01:42:51.024  INFO 36432 --- [restartedMain] com.innova.loan.LoanApplication          : No active profile set, falling back to 1 default profile: "default"
2022-02-28 01:42:51.067  INFO 36432 --- [restartedMain] .e.DevToolsPropertyDefaultsPostProcessor : Devtools property defaults active! Set 'spring.devtools.add-properties' to 'false' to disable
2022-02-28 01:42:51.067  INFO 36432 --- [restartedMain] .e.DevToolsPropertyDefaultsPostProcessor : For additional web related logging consider setting the 'logging.level.web' property to 'DEBUG'
2022-02-28 01:42:52.132  INFO 36432 --- [restartedMain] .s.d.r.c.RepositoryConfigurationDelegate : Bootstrapping Spring Data JPA repositories in DEFAULT mode.
2022-02-28 01:42:52.188  INFO 36432 --- [restartedMain] .s.d.r.c.RepositoryConfigurationDelegate : Finished Spring Data repository scanning in 47 ms. Found 2 JPA repository interfaces.
2022-02-28 01:42:52.760  INFO 36432 --- [restartedMain] o.s.b.w.embedded.tomcat.TomcatWebServer  : Tomcat initialized with port(s): 8081 (http)
2022-02-28 01:42:52.769  INFO 36432 --- [restartedMain] o.apache.catalina.core.StandardService   : Starting service [Tomcat]
2022-02-28 01:42:52.770  INFO 36432 --- [restartedMain] org.apache.catalina.core.StandardEngine  : Starting Servlet engine: [Apache Tomcat/9.0.58]
2022-02-28 01:42:52.870  INFO 36432 --- [restartedMain] o.a.c.c.C.[Tomcat].[localhost].[/]       : Initializing Spring embedded WebApplicationContext
2022-02-28 01:42:52.871  INFO 36432 --- [restartedMain] w.s.c.ServletWebServerApplicationContext : Root WebApplicationContext: initialization completed in 1803 ms
2022-02-28 01:42:52.978  INFO 36432 --- [restartedMain] com.zaxxer.hikari.HikariDataSource       : HikariPool-1 - Starting...
2022-02-28 01:42:53.103  INFO 36432 --- [restartedMain] com.zaxxer.hikari.HikariDataSource       : HikariPool-1 - Start completed.
2022-02-28 01:42:53.112  INFO 36432 --- [restartedMain] o.s.b.a.h2.H2ConsoleAutoConfiguration    : H2 console available at '/h2-console'. Database available at 'jdbc:h2:file:./memory_persist/loandb'
2022-02-28 01:42:53.233  INFO 36432 --- [restartedMain] o.hibernate.jpa.internal.util.LogHelper  : HHH000204: Processing PersistenceUnitInfo [name: default]
2022-02-28 01:42:53.304  INFO 36432 --- [restartedMain] org.hibernate.Version                    : HHH000412: Hibernate ORM core version 5.6.5.Final
2022-02-28 01:42:53.425  INFO 36432 --- [restartedMain] o.hibernate.annotations.common.Version   : HCANN000001: Hibernate Commons Annotations {5.1.2.Final}
2022-02-28 01:42:53.529  INFO 36432 --- [restartedMain] org.hibernate.dialect.Dialect            : HHH000400: Using dialect: org.hibernate.dialect.H2Dialect
2022-02-28 01:42:54.146  INFO 36432 --- [restartedMain] o.h.e.t.j.p.i.JtaPlatformInitiator       : HHH000490: Using JtaPlatform implementation: [org.hibernate.engine.transaction.jta.platform.internal.NoJtaPlatform]
2022-02-28 01:42:54.156  INFO 36432 --- [restartedMain] j.LocalContainerEntityManagerFactoryBean : Initialized JPA EntityManagerFactory for persistence unit 'default'
2022-02-28 01:42:54.903  WARN 36432 --- [restartedMain] JpaBaseConfiguration$JpaWebConfiguration : spring.jpa.open-in-view is enabled by default. Therefore, database queries may be performed during view rendering. Explicitly configure spring.jpa.open-in-view to disable this warning
2022-02-28 01:42:55.594  WARN 36432 --- [restartedMain] ion$DefaultTemplateResolverConfiguration : Cannot find template location: classpath:/templates/ (please add some templates or check your Thymeleaf configuration)
2022-02-28 01:42:55.934  INFO 36432 --- [restartedMain] o.s.b.d.a.OptionalLiveReloadServer       : LiveReload server is running on port 35729
2022-02-28 01:42:55.939  INFO 36432 --- [restartedMain] o.s.b.a.e.web.EndpointLinksResolver      : Exposing 1 endpoint(s) beneath base path '/actuator'
2022-02-28 01:42:56.027  INFO 36432 --- [restartedMain] o.s.b.w.embedded.tomcat.TomcatWebServer  : Tomcat started on port(s): 8081 (http) with context path ''
2022-02-28 01:42:56.049  INFO 36432 --- [restartedMain] com.innova.loan.LoanApplication          : Started LoanApplication in 5.528 seconds (JVM running for 6.998)
2022-02-28 01:42:56.984  INFO 36432 --- [RMI TCP Connection(3)-192.168.56.1] o.a.c.c.C.[Tomcat].[localhost].[/]       : Initializing Spring DispatcherServlet 'dispatcherServlet'
2022-02-28 01:42:56.985  INFO 36432 --- [RMI TCP Connection(3)-192.168.56.1] o.s.web.servlet.DispatcherServlet        : Initializing Servlet 'dispatcherServlet'
2022-02-28 01:42:56.988  INFO 36432 --- [RMI TCP Connection(3)-192.168.56.1] o.s.web.servlet.DispatcherServlet        : Completed initialization in 2 ms
2022-02-28 01:44:12.105  WARN 36432 --- [HikariPool-1 housekeeper] com.zaxxer.hikari.pool.HikariPool        : HikariPool-1 - Thread starvation or clock leap detected (housekeeper delta=1m18s898ms35µs400ns).
2022-02-28 01:44:12.108 ERROR 36432 --- [http-nio-8081-exec-2] com.innova.loan.service.LoanService      : 500 : "{"error":"No value present"}"
2022-02-28 01:44:15.405  WARN 36432 --- [http-nio-8081-exec-2] .w.s.m.a.ResponseStatusExceptionResolver : Resolved [com.innova.loan.exception.DataNotCreatedException: Entity Could Not Created!]
2022-02-28 01:45:22.081  WARN 36432 --- [HikariPool-1 housekeeper] com.zaxxer.hikari.pool.HikariPool        : HikariPool-1 - Thread starvation or clock leap detected (housekeeper delta=1m9s976ms155µs200ns).
2022-02-28 01:45:22.081 ERROR 36432 --- [http-nio-8081-exec-4] com.innova.loan.service.LoanService      : 500 : "{"error":"No value present"}"
2022-02-28 01:45:22.083  WARN 36432 --- [http-nio-8081-exec-4] .w.s.m.a.ResponseStatusExceptionResolver : Resolved [com.innova.loan.exception.DataNotCreatedException: Entity Could Not Created!]
2022-02-28 01:46:21.192  WARN 36432 --- [http-nio-8081-exec-7] .w.s.m.s.DefaultHandlerExceptionResolver : Resolved [org.springframework.web.HttpRequestMethodNotSupportedException: Request method 'GET' not supported]
2022-02-28 01:46:43.409  INFO 36432 --- [Thread-6] j.LocalContainerEntityManagerFactoryBean : Closing JPA EntityManagerFactory for persistence unit 'default'
2022-02-28 01:46:43.416  INFO 36432 --- [Thread-6] com.zaxxer.hikari.HikariDataSource       : HikariPool-1 - Shutdown initiated...
2022-02-28 01:46:44.144  INFO 36432 --- [Thread-6] com.zaxxer.hikari.HikariDataSource       : HikariPool-1 - Shutdown completed.
2022-02-28 01:46:44.390  INFO 36432 --- [restartedMain] com.innova.loan.LoanApplication          : Starting LoanApplication using Java 11.0.11 on DESKTOP-LJAO3JT with PID 36432 (C:\Users\MSI\Desktop\loan\target\classes started by MSI in C:\Users\MSI\Desktop\loan)
2022-02-28 01:46:44.391  INFO 36432 --- [restartedMain] com.innova.loan.LoanApplication          : No active profile set, falling back to 1 default profile: "default"
2022-02-28 01:46:45.108  INFO 36432 --- [restartedMain] .s.d.r.c.RepositoryConfigurationDelegate : Bootstrapping Spring Data JPA repositories in DEFAULT mode.
2022-02-28 01:46:45.138  INFO 36432 --- [restartedMain] .s.d.r.c.RepositoryConfigurationDelegate : Finished Spring Data repository scanning in 30 ms. Found 2 JPA repository interfaces.
2022-02-28 01:46:45.378  INFO 36432 --- [restartedMain] o.s.b.w.embedded.tomcat.TomcatWebServer  : Tomcat initialized with port(s): 8081 (http)
2022-02-28 01:46:45.380  INFO 36432 --- [restartedMain] o.apache.catalina.core.StandardService   : Starting service [Tomcat]
2022-02-28 01:46:45.380  INFO 36432 --- [restartedMain] org.apache.catalina.core.StandardEngine  : Starting Servlet engine: [Apache Tomcat/9.0.58]
2022-02-28 01:46:45.510  INFO 36432 --- [restartedMain] o.a.c.c.C.[Tomcat].[localhost].[/]       : Initializing Spring embedded WebApplicationContext
2022-02-28 01:46:45.510  INFO 36432 --- [restartedMain] w.s.c.ServletWebServerApplicationContext : Root WebApplicationContext: initialization completed in 1111 ms
2022-02-28 01:46:45.549  INFO 36432 --- [restartedMain] com.zaxxer.hikari.HikariDataSource       : HikariPool-2 - Starting...
2022-02-28 01:46:45.562  INFO 36432 --- [restartedMain] com.zaxxer.hikari.HikariDataSource       : HikariPool-2 - Start completed.
2022-02-28 01:46:45.563  INFO 36432 --- [restartedMain] o.s.b.a.h2.H2ConsoleAutoConfiguration    : H2 console available at '/h2-console'. Database available at 'jdbc:h2:file:./memory_persist/loandb'
2022-02-28 01:46:45.628  INFO 36432 --- [restartedMain] o.hibernate.jpa.internal.util.LogHelper  : HHH000204: Processing PersistenceUnitInfo [name: default]
2022-02-28 01:46:45.638  INFO 36432 --- [restartedMain] org.hibernate.dialect.Dialect            : HHH000400: Using dialect: org.hibernate.dialect.H2Dialect
2022-02-28 01:46:45.719  INFO 36432 --- [restartedMain] o.h.e.t.j.p.i.JtaPlatformInitiator       : HHH000490: Using JtaPlatform implementation: [org.hibernate.engine.transaction.jta.platform.internal.NoJtaPlatform]
2022-02-28 01:46:45.719  INFO 36432 --- [restartedMain] j.LocalContainerEntityManagerFactoryBean : Initialized JPA EntityManagerFactory for persistence unit 'default'
2022-02-28 01:46:46.004  WARN 36432 --- [restartedMain] JpaBaseConfiguration$JpaWebConfiguration : spring.jpa.open-in-view is enabled by default. Therefore, database queries may be performed during view rendering. Explicitly configure spring.jpa.open-in-view to disable this warning
2022-02-28 01:46:46.537  WARN 36432 --- [restartedMain] ion$DefaultTemplateResolverConfiguration : Cannot find template location: classpath:/templates/ (please add some templates or check your Thymeleaf configuration)
2022-02-28 01:46:46.814  INFO 36432 --- [restartedMain] o.s.b.d.a.OptionalLiveReloadServer       : LiveReload server is running on port 35729
2022-02-28 01:46:46.820  INFO 36432 --- [restartedMain] o.s.b.a.e.web.EndpointLinksResolver      : Exposing 1 endpoint(s) beneath base path '/actuator'
2022-02-28 01:46:46.856  INFO 36432 --- [restartedMain] o.s.b.w.embedded.tomcat.TomcatWebServer  : Tomcat started on port(s): 8081 (http) with context path ''
2022-02-28 01:46:46.867  INFO 36432 --- [restartedMain] com.innova.loan.LoanApplication          : Started LoanApplication in 2.534 seconds (JVM running for 237.816)
2022-02-28 01:46:46.871  INFO 36432 --- [restartedMain] .ConditionEvaluationDeltaLoggingListener : Condition evaluation unchanged
2022-02-28 01:46:48.592  INFO 36432 --- [Thread-9] j.LocalContainerEntityManagerFactoryBean : Closing JPA EntityManagerFactory for persistence unit 'default'
2022-02-28 01:46:48.594  INFO 36432 --- [Thread-9] com.zaxxer.hikari.HikariDataSource       : HikariPool-2 - Shutdown initiated...
2022-02-28 01:46:48.909  INFO 36432 --- [Thread-9] com.zaxxer.hikari.HikariDataSource       : HikariPool-2 - Shutdown completed.
2022-02-28 01:46:49.068  INFO 36432 --- [restartedMain] com.innova.loan.LoanApplication          : Starting LoanApplication using Java 11.0.11 on DESKTOP-LJAO3JT with PID 36432 (C:\Users\MSI\Desktop\loan\target\classes started by MSI in C:\Users\MSI\Desktop\loan)
2022-02-28 01:46:49.069  INFO 36432 --- [restartedMain] com.innova.loan.LoanApplication          : No active profile set, falling back to 1 default profile: "default"
2022-02-28 01:46:50.115  INFO 36432 --- [restartedMain] .s.d.r.c.RepositoryConfigurationDelegate : Bootstrapping Spring Data JPA repositories in DEFAULT mode.
2022-02-28 01:46:50.138  INFO 36432 --- [restartedMain] .s.d.r.c.RepositoryConfigurationDelegate : Finished Spring Data repository scanning in 22 ms. Found 2 JPA repository interfaces.
2022-02-28 01:46:50.290  INFO 36432 --- [restartedMain] o.s.b.w.embedded.tomcat.TomcatWebServer  : Tomcat initialized with port(s): 8081 (http)
2022-02-28 01:46:50.291  INFO 36432 --- [restartedMain] o.apache.catalina.core.StandardService   : Starting service [Tomcat]
2022-02-28 01:46:50.291  INFO 36432 --- [restartedMain] org.apache.catalina.core.StandardEngine  : Starting Servlet engine: [Apache Tomcat/9.0.58]
2022-02-28 01:46:50.331  INFO 36432 --- [restartedMain] o.a.c.c.C.[Tomcat].[localhost].[/]       : Initializing Spring embedded WebApplicationContext
2022-02-28 01:46:50.332  INFO 36432 --- [restartedMain] w.s.c.ServletWebServerApplicationContext : Root WebApplicationContext: initialization completed in 1256 ms
2022-02-28 01:46:50.360  INFO 36432 --- [restartedMain] com.zaxxer.hikari.HikariDataSource       : HikariPool-3 - Starting...
2022-02-28 01:46:50.366  INFO 36432 --- [restartedMain] com.zaxxer.hikari.HikariDataSource       : HikariPool-3 - Start completed.
2022-02-28 01:46:50.366  INFO 36432 --- [restartedMain] o.s.b.a.h2.H2ConsoleAutoConfiguration    : H2 console available at '/h2-console'. Database available at 'jdbc:h2:file:./memory_persist/loandb'
2022-02-28 01:46:50.401  INFO 36432 --- [restartedMain] o.hibernate.jpa.internal.util.LogHelper  : HHH000204: Processing PersistenceUnitInfo [name: default]
2022-02-28 01:46:50.408  INFO 36432 --- [restartedMain] org.hibernate.dialect.Dialect            : HHH000400: Using dialect: org.hibernate.dialect.H2Dialect
2022-02-28 01:46:50.457  INFO 36432 --- [restartedMain] o.h.e.t.j.p.i.JtaPlatformInitiator       : HHH000490: Using JtaPlatform implementation: [org.hibernate.engine.transaction.jta.platform.internal.NoJtaPlatform]
2022-02-28 01:46:50.458  INFO 36432 --- [restartedMain] j.LocalContainerEntityManagerFactoryBean : Initialized JPA EntityManagerFactory for persistence unit 'default'
2022-02-28 01:46:50.629  WARN 36432 --- [restartedMain] JpaBaseConfiguration$JpaWebConfiguration : spring.jpa.open-in-view is enabled by default. Therefore, database queries may be performed during view rendering. Explicitly configure spring.jpa.open-in-view to disable this warning
2022-02-28 01:46:50.977  WARN 36432 --- [restartedMain] ion$DefaultTemplateResolverConfiguration : Cannot find template location: classpath:/templates/ (please add some templates or check your Thymeleaf configuration)
2022-02-28 01:46:51.100  INFO 36432 --- [restartedMain] o.s.b.d.a.OptionalLiveReloadServer       : LiveReload server is running on port 35729
2022-02-28 01:46:51.104  INFO 36432 --- [restartedMain] o.s.b.a.e.web.EndpointLinksResolver      : Exposing 1 endpoint(s) beneath base path '/actuator'
2022-02-28 01:46:51.132  INFO 36432 --- [restartedMain] o.s.b.w.embedded.tomcat.TomcatWebServer  : Tomcat started on port(s): 8081 (http) with context path ''
2022-02-28 01:46:51.145  INFO 36432 --- [restartedMain] com.innova.loan.LoanApplication          : Started LoanApplication in 2.136 seconds (JVM running for 242.094)
2022-02-28 01:46:51.148  INFO 36432 --- [restartedMain] .ConditionEvaluationDeltaLoggingListener : Condition evaluation unchanged
2022-02-28 02:12:48.932  INFO 36432 --- [Thread-13] j.LocalContainerEntityManagerFactoryBean : Closing JPA EntityManagerFactory for persistence unit 'default'
2022-02-28 02:12:48.933  INFO 36432 --- [Thread-13] com.zaxxer.hikari.HikariDataSource       : HikariPool-3 - Shutdown initiated...
2022-02-28 02:12:48.961  INFO 36432 --- [Thread-13] com.zaxxer.hikari.HikariDataSource       : HikariPool-3 - Shutdown completed.
2022-02-28 02:12:49.117  INFO 36432 --- [restartedMain] com.innova.loan.LoanApplication          : Starting LoanApplication using Java 11.0.11 on DESKTOP-LJAO3JT with PID 36432 (C:\Users\MSI\Desktop\loan\target\classes started by MSI in C:\Users\MSI\Desktop\loan)
2022-02-28 02:12:49.118  INFO 36432 --- [restartedMain] com.innova.loan.LoanApplication          : No active profile set, falling back to 1 default profile: "default"
2022-02-28 02:12:49.788  INFO 36432 --- [restartedMain] .s.d.r.c.RepositoryConfigurationDelegate : Bootstrapping Spring Data JPA repositories in DEFAULT mode.
2022-02-28 02:12:49.851  INFO 36432 --- [restartedMain] .s.d.r.c.RepositoryConfigurationDelegate : Finished Spring Data repository scanning in 62 ms. Found 2 JPA repository interfaces.
2022-02-28 02:12:50.023  INFO 36432 --- [restartedMain] o.s.b.w.embedded.tomcat.TomcatWebServer  : Tomcat initialized with port(s): 8081 (http)
2022-02-28 02:12:50.024  INFO 36432 --- [restartedMain] o.apache.catalina.core.StandardService   : Starting service [Tomcat]
2022-02-28 02:12:50.025  INFO 36432 --- [restartedMain] org.apache.catalina.core.StandardEngine  : Starting Servlet engine: [Apache Tomcat/9.0.58]
2022-02-28 02:12:50.052  INFO 36432 --- [restartedMain] o.a.c.c.C.[Tomcat].[localhost].[/]       : Initializing Spring embedded WebApplicationContext
2022-02-28 02:12:50.053  INFO 36432 --- [restartedMain] w.s.c.ServletWebServerApplicationContext : Root WebApplicationContext: initialization completed in 926 ms
2022-02-28 02:12:50.087  INFO 36432 --- [restartedMain] com.zaxxer.hikari.HikariDataSource       : HikariPool-4 - Starting...
2022-02-28 02:12:50.096  INFO 36432 --- [restartedMain] com.zaxxer.hikari.HikariDataSource       : HikariPool-4 - Start completed.
2022-02-28 02:12:50.097  INFO 36432 --- [restartedMain] o.s.b.a.h2.H2ConsoleAutoConfiguration    : H2 console available at '/h2-console'. Database available at 'jdbc:h2:file:./memory_persist/loandb'
2022-02-28 02:12:50.154  INFO 36432 --- [restartedMain] o.hibernate.jpa.internal.util.LogHelper  : HHH000204: Processing PersistenceUnitInfo [name: default]
2022-02-28 02:12:50.171  INFO 36432 --- [restartedMain] org.hibernate.dialect.Dialect            : HHH000400: Using dialect: org.hibernate.dialect.H2Dialect
2022-02-28 02:12:50.261  INFO 36432 --- [restartedMain] o.h.e.t.j.p.i.JtaPlatformInitiator       : HHH000490: Using JtaPlatform implementation: [org.hibernate.engine.transaction.jta.platform.internal.NoJtaPlatform]
2022-02-28 02:12:50.261  INFO 36432 --- [restartedMain] j.LocalContainerEntityManagerFactoryBean : Initialized JPA EntityManagerFactory for persistence unit 'default'
2022-02-28 02:12:50.512  WARN 36432 --- [restartedMain] JpaBaseConfiguration$JpaWebConfiguration : spring.jpa.open-in-view is enabled by default. Therefore, database queries may be performed during view rendering. Explicitly configure spring.jpa.open-in-view to disable this warning
2022-02-28 02:12:50.935  WARN 36432 --- [restartedMain] ion$DefaultTemplateResolverConfiguration : Cannot find template location: classpath:/templates/ (please add some templates or check your Thymeleaf configuration)
2022-02-28 02:12:51.204  INFO 36432 --- [restartedMain] o.s.b.d.a.OptionalLiveReloadServer       : LiveReload server is running on port 35729
2022-02-28 02:12:51.216  INFO 36432 --- [restartedMain] o.s.b.a.e.web.EndpointLinksResolver      : Exposing 1 endpoint(s) beneath base path '/actuator'
2022-02-28 02:12:51.278  INFO 36432 --- [restartedMain] o.s.b.w.embedded.tomcat.TomcatWebServer  : Tomcat started on port(s): 8081 (http) with context path ''
2022-02-28 02:12:51.299  INFO 36432 --- [restartedMain] com.innova.loan.LoanApplication          : Started LoanApplication in 2.237 seconds (JVM running for 1802.249)
2022-02-28 02:12:51.305  INFO 36432 --- [restartedMain] .ConditionEvaluationDeltaLoggingListener : Condition evaluation unchanged
2022-02-28 02:12:53.005  INFO 36432 --- [Thread-17] j.LocalContainerEntityManagerFactoryBean : Closing JPA EntityManagerFactory for persistence unit 'default'
2022-02-28 02:12:53.007  INFO 36432 --- [Thread-17] com.zaxxer.hikari.HikariDataSource       : HikariPool-4 - Shutdown initiated...
2022-02-28 02:12:53.284  INFO 36432 --- [Thread-17] com.zaxxer.hikari.HikariDataSource       : HikariPool-4 - Shutdown completed.
2022-02-28 02:12:53.476  INFO 36432 --- [restartedMain] com.innova.loan.LoanApplication          : Starting LoanApplication using Java 11.0.11 on DESKTOP-LJAO3JT with PID 36432 (C:\Users\MSI\Desktop\loan\target\classes started by MSI in C:\Users\MSI\Desktop\loan)
2022-02-28 02:12:53.477  INFO 36432 --- [restartedMain] com.innova.loan.LoanApplication          : No active profile set, falling back to 1 default profile: "default"
2022-02-28 02:12:54.371  INFO 36432 --- [restartedMain] .s.d.r.c.RepositoryConfigurationDelegate : Bootstrapping Spring Data JPA repositories in DEFAULT mode.
2022-02-28 02:12:54.394  INFO 36432 --- [restartedMain] .s.d.r.c.RepositoryConfigurationDelegate : Finished Spring Data repository scanning in 22 ms. Found 2 JPA repository interfaces.
2022-02-28 02:12:54.559  INFO 36432 --- [restartedMain] o.s.b.w.embedded.tomcat.TomcatWebServer  : Tomcat initialized with port(s): 8081 (http)
2022-02-28 02:12:54.560  INFO 36432 --- [restartedMain] o.apache.catalina.core.StandardService   : Starting service [Tomcat]
2022-02-28 02:12:54.560  INFO 36432 --- [restartedMain] org.apache.catalina.core.StandardEngine  : Starting Servlet engine: [Apache Tomcat/9.0.58]
2022-02-28 02:12:54.592  INFO 36432 --- [restartedMain] o.a.c.c.C.[Tomcat].[localhost].[/]       : Initializing Spring embedded WebApplicationContext
2022-02-28 02:12:54.592  INFO 36432 --- [restartedMain] w.s.c.ServletWebServerApplicationContext : Root WebApplicationContext: initialization completed in 1107 ms
2022-02-28 02:12:54.648  INFO 36432 --- [restartedMain] com.zaxxer.hikari.HikariDataSource       : HikariPool-5 - Starting...
2022-02-28 02:12:54.657  INFO 36432 --- [restartedMain] com.zaxxer.hikari.HikariDataSource       : HikariPool-5 - Start completed.
2022-02-28 02:12:54.657  INFO 36432 --- [restartedMain] o.s.b.a.h2.H2ConsoleAutoConfiguration    : H2 console available at '/h2-console'. Database available at 'jdbc:h2:file:./memory_persist/loandb'
2022-02-28 02:12:54.708  INFO 36432 --- [restartedMain] o.hibernate.jpa.internal.util.LogHelper  : HHH000204: Processing PersistenceUnitInfo [name: default]
2022-02-28 02:12:54.715  INFO 36432 --- [restartedMain] org.hibernate.dialect.Dialect            : HHH000400: Using dialect: org.hibernate.dialect.H2Dialect
2022-02-28 02:12:54.760  INFO 36432 --- [restartedMain] o.h.e.t.j.p.i.JtaPlatformInitiator       : HHH000490: Using JtaPlatform implementation: [org.hibernate.engine.transaction.jta.platform.internal.NoJtaPlatform]
2022-02-28 02:12:54.761  INFO 36432 --- [restartedMain] j.LocalContainerEntityManagerFactoryBean : Initialized JPA EntityManagerFactory for persistence unit 'default'
2022-02-28 02:12:54.903  WARN 36432 --- [restartedMain] JpaBaseConfiguration$JpaWebConfiguration : spring.jpa.open-in-view is enabled by default. Therefore, database queries may be performed during view rendering. Explicitly configure spring.jpa.open-in-view to disable this warning
2022-02-28 02:12:55.259  WARN 36432 --- [restartedMain] ion$DefaultTemplateResolverConfiguration : Cannot find template location: classpath:/templates/ (please add some templates or check your Thymeleaf configuration)
2022-02-28 02:12:55.391  INFO 36432 --- [restartedMain] o.s.b.d.a.OptionalLiveReloadServer       : LiveReload server is running on port 35729
2022-02-28 02:12:55.394  INFO 36432 --- [restartedMain] o.s.b.a.e.web.EndpointLinksResolver      : Exposing 1 endpoint(s) beneath base path '/actuator'
2022-02-28 02:12:55.414  INFO 36432 --- [restartedMain] o.s.b.w.embedded.tomcat.TomcatWebServer  : Tomcat started on port(s): 8081 (http) with context path ''
2022-02-28 02:12:55.422  INFO 36432 --- [restartedMain] com.innova.loan.LoanApplication          : Started LoanApplication in 2.024 seconds (JVM running for 1806.372)
2022-02-28 02:12:55.424  INFO 36432 --- [restartedMain] .ConditionEvaluationDeltaLoggingListener : Condition evaluation unchanged
2022-02-28 02:16:37.566  INFO 36432 --- [SpringApplicationShutdownHook] j.LocalContainerEntityManagerFactoryBean : Closing JPA EntityManagerFactory for persistence unit 'default'
2022-02-28 02:16:37.574  INFO 36432 --- [SpringApplicationShutdownHook] com.zaxxer.hikari.HikariDataSource       : HikariPool-5 - Shutdown initiated...
2022-02-28 02:16:37.586  INFO 36432 --- [SpringApplicationShutdownHook] com.zaxxer.hikari.HikariDataSource       : HikariPool-5 - Shutdown completed.
2022-02-28 02:16:44.071  INFO 3292 --- [restartedMain] com.innova.loan.LoanApplication          : Starting LoanApplication using Java 11.0.11 on DESKTOP-LJAO3JT with PID 3292 (C:\Users\MSI\Desktop\loan\target\classes started by MSI in C:\Users\MSI\Desktop\loan)
2022-02-28 02:16:44.074  INFO 3292 --- [restartedMain] com.innova.loan.LoanApplication          : No active profile set, falling back to 1 default profile: "default"
2022-02-28 02:16:44.140  INFO 3292 --- [restartedMain] .e.DevToolsPropertyDefaultsPostProcessor : Devtools property defaults active! Set 'spring.devtools.add-properties' to 'false' to disable
2022-02-28 02:16:44.140  INFO 3292 --- [restartedMain] .e.DevToolsPropertyDefaultsPostProcessor : For additional web related logging consider setting the 'logging.level.web' property to 'DEBUG'
2022-02-28 02:16:45.396  INFO 3292 --- [restartedMain] .s.d.r.c.RepositoryConfigurationDelegate : Bootstrapping Spring Data JPA repositories in DEFAULT mode.
2022-02-28 02:16:45.485  INFO 3292 --- [restartedMain] .s.d.r.c.RepositoryConfigurationDelegate : Finished Spring Data repository scanning in 81 ms. Found 2 JPA repository interfaces.
2022-02-28 02:16:46.176  INFO 3292 --- [restartedMain] o.s.b.w.embedded.tomcat.TomcatWebServer  : Tomcat initialized with port(s): 8081 (http)
2022-02-28 02:16:46.185  INFO 3292 --- [restartedMain] o.apache.catalina.core.StandardService   : Starting service [Tomcat]
2022-02-28 02:16:46.186  INFO 3292 --- [restartedMain] org.apache.catalina.core.StandardEngine  : Starting Servlet engine: [Apache Tomcat/9.0.58]
2022-02-28 02:16:46.366  INFO 3292 --- [restartedMain] o.a.c.c.C.[Tomcat].[localhost].[/]       : Initializing Spring embedded WebApplicationContext
2022-02-28 02:16:46.366  INFO 3292 --- [restartedMain] w.s.c.ServletWebServerApplicationContext : Root WebApplicationContext: initialization completed in 2225 ms
2022-02-28 02:16:46.511  INFO 3292 --- [restartedMain] com.zaxxer.hikari.HikariDataSource       : HikariPool-1 - Starting...
2022-02-28 02:16:46.660  INFO 3292 --- [restartedMain] com.zaxxer.hikari.HikariDataSource       : HikariPool-1 - Start completed.
2022-02-28 02:16:46.669  INFO 3292 --- [restartedMain] o.s.b.a.h2.H2ConsoleAutoConfiguration    : H2 console available at '/h2-console'. Database available at 'jdbc:h2:file:./memory_persist/loandb'
2022-02-28 02:16:47.122  INFO 3292 --- [restartedMain] o.hibernate.jpa.internal.util.LogHelper  : HHH000204: Processing PersistenceUnitInfo [name: default]
2022-02-28 02:16:47.294  INFO 3292 --- [restartedMain] org.hibernate.Version                    : HHH000412: Hibernate ORM core version 5.6.5.Final
2022-02-28 02:16:47.437  INFO 3292 --- [restartedMain] o.hibernate.annotations.common.Version   : HCANN000001: Hibernate Commons Annotations {5.1.2.Final}
2022-02-28 02:16:47.574  INFO 3292 --- [restartedMain] org.hibernate.dialect.Dialect            : HHH000400: Using dialect: org.hibernate.dialect.H2Dialect
2022-02-28 02:16:48.387  INFO 3292 --- [restartedMain] o.h.e.t.j.p.i.JtaPlatformInitiator       : HHH000490: Using JtaPlatform implementation: [org.hibernate.engine.transaction.jta.platform.internal.NoJtaPlatform]
2022-02-28 02:16:48.396  INFO 3292 --- [restartedMain] j.LocalContainerEntityManagerFactoryBean : Initialized JPA EntityManagerFactory for persistence unit 'default'
2022-02-28 02:16:49.403  WARN 3292 --- [restartedMain] JpaBaseConfiguration$JpaWebConfiguration : spring.jpa.open-in-view is enabled by default. Therefore, database queries may be performed during view rendering. Explicitly configure spring.jpa.open-in-view to disable this warning
2022-02-28 02:16:49.900  WARN 3292 --- [restartedMain] ion$DefaultTemplateResolverConfiguration : Cannot find template location: classpath:/templates/ (please add some templates or check your Thymeleaf configuration)
2022-02-28 02:16:50.315  INFO 3292 --- [restartedMain] o.s.b.d.a.OptionalLiveReloadServer       : LiveReload server is running on port 35729
2022-02-28 02:16:50.321  INFO 3292 --- [restartedMain] o.s.b.a.e.web.EndpointLinksResolver      : Exposing 1 endpoint(s) beneath base path '/actuator'
2022-02-28 02:16:50.389  INFO 3292 --- [restartedMain] o.s.b.w.embedded.tomcat.TomcatWebServer  : Tomcat started on port(s): 8081 (http) with context path ''
2022-02-28 02:16:50.419  INFO 3292 --- [restartedMain] com.innova.loan.LoanApplication          : Started LoanApplication in 6.993 seconds (JVM running for 9.564)
2022-02-28 02:16:50.964  INFO 3292 --- [RMI TCP Connection(1)-192.168.56.1] o.a.c.c.C.[Tomcat].[localhost].[/]       : Initializing Spring DispatcherServlet 'dispatcherServlet'
2022-02-28 02:16:50.965  INFO 3292 --- [RMI TCP Connection(1)-192.168.56.1] o.s.web.servlet.DispatcherServlet        : Initializing Servlet 'dispatcherServlet'
2022-02-28 02:16:50.967  INFO 3292 --- [RMI TCP Connection(1)-192.168.56.1] o.s.web.servlet.DispatcherServlet        : Completed initialization in 1 ms
2022-02-28 04:20:49.630  INFO 3292 --- [Thread-6] j.LocalContainerEntityManagerFactoryBean : Closing JPA EntityManagerFactory for persistence unit 'default'
2022-02-28 04:20:50.075  INFO 3292 --- [Thread-6] com.zaxxer.hikari.HikariDataSource       : HikariPool-1 - Shutdown initiated...
2022-02-28 04:20:50.415  INFO 3292 --- [Thread-6] com.zaxxer.hikari.HikariDataSource       : HikariPool-1 - Shutdown completed.
2022-02-28 04:20:52.624  INFO 3292 --- [restartedMain] com.innova.loan.LoanApplication          : Starting LoanApplication using Java 11.0.11 on DESKTOP-LJAO3JT with PID 3292 (C:\Users\MSI\Desktop\loan\target\classes started by MSI in C:\Users\MSI\Desktop\loan)
2022-02-28 04:20:52.625  INFO 3292 --- [restartedMain] com.innova.loan.LoanApplication          : No active profile set, falling back to 1 default profile: "default"
2022-02-28 04:21:02.340  INFO 3292 --- [restartedMain] .s.d.r.c.RepositoryConfigurationDelegate : Bootstrapping Spring Data JPA repositories in DEFAULT mode.
2022-02-28 04:21:02.371  INFO 3292 --- [restartedMain] .s.d.r.c.RepositoryConfigurationDelegate : Finished Spring Data repository scanning in 30 ms. Found 2 JPA repository interfaces.
2022-02-28 04:21:07.824  INFO 3292 --- [restartedMain] o.s.b.w.embedded.tomcat.TomcatWebServer  : Tomcat initialized with port(s): 8081 (http)
2022-02-28 04:21:07.829  INFO 3292 --- [restartedMain] o.apache.catalina.core.StandardService   : Starting service [Tomcat]
2022-02-28 04:21:07.831  INFO 3292 --- [restartedMain] org.apache.catalina.core.StandardEngine  : Starting Servlet engine: [Apache Tomcat/9.0.58]
2022-02-28 04:21:08.151  INFO 3292 --- [restartedMain] o.a.c.c.C.[Tomcat].[localhost].[/]       : Initializing Spring embedded WebApplicationContext
2022-02-28 04:21:08.152  INFO 3292 --- [restartedMain] w.s.c.ServletWebServerApplicationContext : Root WebApplicationContext: initialization completed in 15475 ms
2022-02-28 04:21:09.677  INFO 3292 --- [restartedMain] com.zaxxer.hikari.HikariDataSource       : HikariPool-2 - Starting...
2022-02-28 04:21:09.751  INFO 3292 --- [restartedMain] com.zaxxer.hikari.HikariDataSource       : HikariPool-2 - Start completed.
2022-02-28 04:21:09.753  INFO 3292 --- [restartedMain] o.s.b.a.h2.H2ConsoleAutoConfiguration    : H2 console available at '/h2-console'. Database available at 'jdbc:h2:file:./memory_persist/loandb'
2022-02-28 04:21:11.783  INFO 3292 --- [restartedMain] o.hibernate.jpa.internal.util.LogHelper  : HHH000204: Processing PersistenceUnitInfo [name: default]
2022-02-28 04:21:11.899  INFO 3292 --- [restartedMain] org.hibernate.dialect.Dialect            : HHH000400: Using dialect: org.hibernate.dialect.H2Dialect
2022-02-28 04:21:12.494  INFO 3292 --- [restartedMain] o.h.e.t.j.p.i.JtaPlatformInitiator       : HHH000490: Using JtaPlatform implementation: [org.hibernate.engine.transaction.jta.platform.internal.NoJtaPlatform]
2022-02-28 04:21:12.495  INFO 3292 --- [restartedMain] j.LocalContainerEntityManagerFactoryBean : Initialized JPA EntityManagerFactory for persistence unit 'default'
2022-02-28 04:21:31.677  WARN 3292 --- [restartedMain] JpaBaseConfiguration$JpaWebConfiguration : spring.jpa.open-in-view is enabled by default. Therefore, database queries may be performed during view rendering. Explicitly configure spring.jpa.open-in-view to disable this warning
2022-02-28 04:21:39.035  WARN 3292 --- [restartedMain] ion$DefaultTemplateResolverConfiguration : Cannot find template location: classpath:/templates/ (please add some templates or check your Thymeleaf configuration)
2022-02-28 04:21:43.329  INFO 3292 --- [restartedMain] o.s.b.d.a.OptionalLiveReloadServer       : LiveReload server is running on port 35729
2022-02-28 04:21:43.476  INFO 3292 --- [restartedMain] o.s.b.a.e.web.EndpointLinksResolver      : Exposing 1 endpoint(s) beneath base path '/actuator'
2022-02-28 04:21:44.115  INFO 3292 --- [restartedMain] o.s.b.w.embedded.tomcat.TomcatWebServer  : Tomcat started on port(s): 8081 (http) with context path ''
2022-02-28 04:21:44.468  INFO 3292 --- [restartedMain] com.innova.loan.LoanApplication          : Started LoanApplication in 52.593 seconds (JVM running for 7503.612)
2022-02-28 04:21:44.522  INFO 3292 --- [restartedMain] .ConditionEvaluationDeltaLoggingListener : Condition evaluation unchanged
2022-02-28 04:21:45.465  INFO 3292 --- [Thread-8] j.LocalContainerEntityManagerFactoryBean : Closing JPA EntityManagerFactory for persistence unit 'default'
2022-02-28 04:21:45.491  INFO 3292 --- [Thread-8] com.zaxxer.hikari.HikariDataSource       : HikariPool-2 - Shutdown initiated...
2022-02-28 04:21:45.822  INFO 3292 --- [Thread-8] com.zaxxer.hikari.HikariDataSource       : HikariPool-2 - Shutdown completed.
2022-02-28 04:21:47.530  INFO 3292 --- [restartedMain] com.innova.loan.LoanApplication          : Starting LoanApplication using Java 11.0.11 on DESKTOP-LJAO3JT with PID 3292 (C:\Users\MSI\Desktop\loan\target\classes started by MSI in C:\Users\MSI\Desktop\loan)
2022-02-28 04:21:47.531  INFO 3292 --- [restartedMain] com.innova.loan.LoanApplication          : No active profile set, falling back to 1 default profile: "default"
2022-02-28 04:21:56.125  INFO 3292 --- [restartedMain] .s.d.r.c.RepositoryConfigurationDelegate : Bootstrapping Spring Data JPA repositories in DEFAULT mode.
2022-02-28 04:21:56.269  INFO 3292 --- [restartedMain] .s.d.r.c.RepositoryConfigurationDelegate : Finished Spring Data repository scanning in 142 ms. Found 2 JPA repository interfaces.
2022-02-28 04:21:59.166  INFO 3292 --- [restartedMain] o.s.b.w.embedded.tomcat.TomcatWebServer  : Tomcat initialized with port(s): 8081 (http)
2022-02-28 04:21:59.171  INFO 3292 --- [restartedMain] o.apache.catalina.core.StandardService   : Starting service [Tomcat]
2022-02-28 04:21:59.172  INFO 3292 --- [restartedMain] org.apache.catalina.core.StandardEngine  : Starting Servlet engine: [Apache Tomcat/9.0.58]
2022-02-28 04:21:59.385  INFO 3292 --- [restartedMain] o.a.c.c.C.[Tomcat].[localhost].[/]       : Initializing Spring embedded WebApplicationContext
2022-02-28 04:21:59.387  INFO 3292 --- [restartedMain] w.s.c.ServletWebServerApplicationContext : Root WebApplicationContext: initialization completed in 11823 ms
2022-02-28 04:22:00.478  INFO 3292 --- [restartedMain] com.zaxxer.hikari.HikariDataSource       : HikariPool-3 - Starting...
2022-02-28 04:22:00.503  INFO 3292 --- [restartedMain] com.zaxxer.hikari.HikariDataSource       : HikariPool-3 - Start completed.
2022-02-28 04:22:00.504  INFO 3292 --- [restartedMain] o.s.b.a.h2.H2ConsoleAutoConfiguration    : H2 console available at '/h2-console'. Database available at 'jdbc:h2:file:./memory_persist/loandb'
2022-02-28 04:22:01.631  INFO 3292 --- [restartedMain] o.hibernate.jpa.internal.util.LogHelper  : HHH000204: Processing PersistenceUnitInfo [name: default]
2022-02-28 04:22:01.736  INFO 3292 --- [restartedMain] org.hibernate.dialect.Dialect            : HHH000400: Using dialect: org.hibernate.dialect.H2Dialect
2022-02-28 04:22:02.300  INFO 3292 --- [restartedMain] o.h.e.t.j.p.i.JtaPlatformInitiator       : HHH000490: Using JtaPlatform implementation: [org.hibernate.engine.transaction.jta.platform.internal.NoJtaPlatform]
2022-02-28 04:22:02.302  INFO 3292 --- [restartedMain] j.LocalContainerEntityManagerFactoryBean : Initialized JPA EntityManagerFactory for persistence unit 'default'
2022-02-28 04:22:10.035  WARN 3292 --- [restartedMain] JpaBaseConfiguration$JpaWebConfiguration : spring.jpa.open-in-view is enabled by default. Therefore, database queries may be performed during view rendering. Explicitly configure spring.jpa.open-in-view to disable this warning
2022-02-28 04:22:10.479  WARN 3292 --- [restartedMain] ion$DefaultTemplateResolverConfiguration : Cannot find template location: classpath:/templates/ (please add some templates or check your Thymeleaf configuration)
2022-02-28 04:22:10.675  INFO 3292 --- [restartedMain] o.s.b.d.a.OptionalLiveReloadServer       : LiveReload server is running on port 35729
2022-02-28 04:22:10.681  INFO 3292 --- [restartedMain] o.s.b.a.e.web.EndpointLinksResolver      : Exposing 1 endpoint(s) beneath base path '/actuator'
2022-02-28 04:22:10.721  INFO 3292 --- [restartedMain] o.s.b.w.embedded.tomcat.TomcatWebServer  : Tomcat started on port(s): 8081 (http) with context path ''
2022-02-28 04:22:10.735  INFO 3292 --- [restartedMain] com.innova.loan.LoanApplication          : Started LoanApplication in 24.584 seconds (JVM running for 7529.879)
2022-02-28 04:22:10.739  INFO 3292 --- [restartedMain] .ConditionEvaluationDeltaLoggingListener : Condition evaluation unchanged
2022-02-28 04:22:11.007  INFO 3292 --- [SpringApplicationShutdownHook] j.LocalContainerEntityManagerFactoryBean : Closing JPA EntityManagerFactory for persistence unit 'default'
2022-02-28 04:22:11.009  INFO 3292 --- [SpringApplicationShutdownHook] com.zaxxer.hikari.HikariDataSource       : HikariPool-3 - Shutdown initiated...
2022-02-28 04:22:11.012  INFO 3292 --- [SpringApplicationShutdownHook] com.zaxxer.hikari.HikariDataSource       : HikariPool-3 - Shutdown completed.
2022-02-28 09:19:26.837  INFO 32620 --- [restartedMain] com.innova.loan.LoanApplication          : Starting LoanApplication using Java 11.0.11 on DESKTOP-LJAO3JT with PID 32620 (C:\Users\MSI\Desktop\loan\target\classes started by MSI in C:\Users\MSI\Desktop\loan)
2022-02-28 09:19:26.887  INFO 32620 --- [restartedMain] com.innova.loan.LoanApplication          : No active profile set, falling back to 1 default profile: "default"
2022-02-28 09:19:26.930  INFO 32620 --- [restartedMain] .e.DevToolsPropertyDefaultsPostProcessor : Devtools property defaults active! Set 'spring.devtools.add-properties' to 'false' to disable
2022-02-28 09:19:26.930  INFO 32620 --- [restartedMain] .e.DevToolsPropertyDefaultsPostProcessor : For additional web related logging consider setting the 'logging.level.web' property to 'DEBUG'
2022-02-28 09:19:28.129  INFO 32620 --- [restartedMain] .s.d.r.c.RepositoryConfigurationDelegate : Bootstrapping Spring Data JPA repositories in DEFAULT mode.
2022-02-28 09:19:28.187  INFO 32620 --- [restartedMain] .s.d.r.c.RepositoryConfigurationDelegate : Finished Spring Data repository scanning in 50 ms. Found 2 JPA repository interfaces.
2022-02-28 09:19:28.825  INFO 32620 --- [restartedMain] o.s.b.w.embedded.tomcat.TomcatWebServer  : Tomcat initialized with port(s): 8081 (http)
2022-02-28 09:19:28.835  INFO 32620 --- [restartedMain] o.apache.catalina.core.StandardService   : Starting service [Tomcat]
2022-02-28 09:19:28.835  INFO 32620 --- [restartedMain] org.apache.catalina.core.StandardEngine  : Starting Servlet engine: [Apache Tomcat/9.0.58]
2022-02-28 09:19:28.934  INFO 32620 --- [restartedMain] o.a.c.c.C.[Tomcat].[localhost].[/]       : Initializing Spring embedded WebApplicationContext
2022-02-28 09:19:28.934  INFO 32620 --- [restartedMain] w.s.c.ServletWebServerApplicationContext : Root WebApplicationContext: initialization completed in 2003 ms
2022-02-28 09:19:29.051  INFO 32620 --- [restartedMain] com.zaxxer.hikari.HikariDataSource       : HikariPool-1 - Starting...
2022-02-28 09:19:29.233  INFO 32620 --- [restartedMain] com.zaxxer.hikari.HikariDataSource       : HikariPool-1 - Start completed.
2022-02-28 09:19:29.242  INFO 32620 --- [restartedMain] o.s.b.a.h2.H2ConsoleAutoConfiguration    : H2 console available at '/h2-console'. Database available at 'jdbc:h2:file:./memory_persist/loandb'
2022-02-28 09:19:29.407  INFO 32620 --- [restartedMain] o.hibernate.jpa.internal.util.LogHelper  : HHH000204: Processing PersistenceUnitInfo [name: default]
2022-02-28 09:19:29.452  INFO 32620 --- [restartedMain] org.hibernate.Version                    : HHH000412: Hibernate ORM core version 5.6.5.Final
2022-02-28 09:19:29.624  INFO 32620 --- [restartedMain] o.hibernate.annotations.common.Version   : HCANN000001: Hibernate Commons Annotations {5.1.2.Final}
2022-02-28 09:19:29.749  INFO 32620 --- [restartedMain] org.hibernate.dialect.Dialect            : HHH000400: Using dialect: org.hibernate.dialect.H2Dialect
2022-02-28 09:19:30.411  INFO 32620 --- [restartedMain] o.h.e.t.j.p.i.JtaPlatformInitiator       : HHH000490: Using JtaPlatform implementation: [org.hibernate.engine.transaction.jta.platform.internal.NoJtaPlatform]
2022-02-28 09:19:30.421  INFO 32620 --- [restartedMain] j.LocalContainerEntityManagerFactoryBean : Initialized JPA EntityManagerFactory for persistence unit 'default'
2022-02-28 09:19:31.567  WARN 32620 --- [restartedMain] JpaBaseConfiguration$JpaWebConfiguration : spring.jpa.open-in-view is enabled by default. Therefore, database queries may be performed during view rendering. Explicitly configure spring.jpa.open-in-view to disable this warning
2022-02-28 09:19:32.118  WARN 32620 --- [restartedMain] ion$DefaultTemplateResolverConfiguration : Cannot find template location: classpath:/templates/ (please add some templates or check your Thymeleaf configuration)
2022-02-28 09:19:32.509  INFO 32620 --- [restartedMain] o.s.b.d.a.OptionalLiveReloadServer       : LiveReload server is running on port 35729
2022-02-28 09:19:32.516  INFO 32620 --- [restartedMain] o.s.b.a.e.web.EndpointLinksResolver      : Exposing 1 endpoint(s) beneath base path '/actuator'
2022-02-28 09:19:32.580  INFO 32620 --- [restartedMain] o.s.b.w.embedded.tomcat.TomcatWebServer  : Tomcat started on port(s): 8081 (http) with context path ''
2022-02-28 09:19:32.598  INFO 32620 --- [restartedMain] com.innova.loan.LoanApplication          : Started LoanApplication in 6.317 seconds (JVM running for 7.765)
2022-02-28 09:19:33.338  INFO 32620 --- [RMI TCP Connection(3)-192.168.56.1] o.a.c.c.C.[Tomcat].[localhost].[/]       : Initializing Spring DispatcherServlet 'dispatcherServlet'
2022-02-28 09:19:33.339  INFO 32620 --- [RMI TCP Connection(3)-192.168.56.1] o.s.web.servlet.DispatcherServlet        : Initializing Servlet 'dispatcherServlet'
2022-02-28 09:19:33.340  INFO 32620 --- [RMI TCP Connection(3)-192.168.56.1] o.s.web.servlet.DispatcherServlet        : Completed initialization in 1 ms
2022-02-28 09:24:03.731  INFO 32620 --- [SpringApplicationShutdownHook] j.LocalContainerEntityManagerFactoryBean : Closing JPA EntityManagerFactory for persistence unit 'default'
2022-02-28 09:24:03.736  INFO 32620 --- [SpringApplicationShutdownHook] com.zaxxer.hikari.HikariDataSource       : HikariPool-1 - Shutdown initiated...
2022-02-28 09:24:03.740  INFO 32620 --- [SpringApplicationShutdownHook] com.zaxxer.hikari.HikariDataSource       : HikariPool-1 - Shutdown completed.
2022-02-28 09:24:07.446  INFO 38932 --- [restartedMain] com.innova.loan.LoanApplication          : Starting LoanApplication using Java 11.0.11 on DESKTOP-LJAO3JT with PID 38932 (C:\Users\MSI\Desktop\loan\target\classes started by MSI in C:\Users\MSI\Desktop\loan)
2022-02-28 09:24:07.448  INFO 38932 --- [restartedMain] com.innova.loan.LoanApplication          : No active profile set, falling back to 1 default profile: "default"
2022-02-28 09:24:07.496  INFO 38932 --- [restartedMain] .e.DevToolsPropertyDefaultsPostProcessor : Devtools property defaults active! Set 'spring.devtools.add-properties' to 'false' to disable
2022-02-28 09:24:07.497  INFO 38932 --- [restartedMain] .e.DevToolsPropertyDefaultsPostProcessor : For additional web related logging consider setting the 'logging.level.web' property to 'DEBUG'
2022-02-28 09:24:08.444  INFO 38932 --- [restartedMain] .s.d.r.c.RepositoryConfigurationDelegate : Bootstrapping Spring Data JPA repositories in DEFAULT mode.
2022-02-28 09:24:08.492  INFO 38932 --- [restartedMain] .s.d.r.c.RepositoryConfigurationDelegate : Finished Spring Data repository scanning in 40 ms. Found 2 JPA repository interfaces.
2022-02-28 09:24:08.997  INFO 38932 --- [restartedMain] o.s.b.w.embedded.tomcat.TomcatWebServer  : Tomcat initialized with port(s): 8081 (http)
2022-02-28 09:24:09.006  INFO 38932 --- [restartedMain] o.apache.catalina.core.StandardService   : Starting service [Tomcat]
2022-02-28 09:24:09.006  INFO 38932 --- [restartedMain] org.apache.catalina.core.StandardEngine  : Starting Servlet engine: [Apache Tomcat/9.0.58]
2022-02-28 09:24:09.137  INFO 38932 --- [restartedMain] o.a.c.c.C.[Tomcat].[localhost].[/]       : Initializing Spring embedded WebApplicationContext
2022-02-28 09:24:09.137  INFO 38932 --- [restartedMain] w.s.c.ServletWebServerApplicationContext : Root WebApplicationContext: initialization completed in 1639 ms
2022-02-28 09:24:09.239  INFO 38932 --- [restartedMain] com.zaxxer.hikari.HikariDataSource       : HikariPool-1 - Starting...
2022-02-28 09:24:09.384  INFO 38932 --- [restartedMain] com.zaxxer.hikari.HikariDataSource       : HikariPool-1 - Start completed.
2022-02-28 09:24:09.394  INFO 38932 --- [restartedMain] o.s.b.a.h2.H2ConsoleAutoConfiguration    : H2 console available at '/h2-console'. Database available at 'jdbc:h2:file:./memory_persist/loandb'
2022-02-28 09:24:09.513  INFO 38932 --- [restartedMain] o.hibernate.jpa.internal.util.LogHelper  : HHH000204: Processing PersistenceUnitInfo [name: default]
2022-02-28 09:24:09.552  INFO 38932 --- [restartedMain] org.hibernate.Version                    : HHH000412: Hibernate ORM core version 5.6.5.Final
2022-02-28 09:24:09.660  INFO 38932 --- [restartedMain] o.hibernate.annotations.common.Version   : HCANN000001: Hibernate Commons Annotations {5.1.2.Final}
2022-02-28 09:24:09.748  INFO 38932 --- [restartedMain] org.hibernate.dialect.Dialect            : HHH000400: Using dialect: org.hibernate.dialect.H2Dialect
2022-02-28 09:24:10.257  INFO 38932 --- [restartedMain] o.h.e.t.j.p.i.JtaPlatformInitiator       : HHH000490: Using JtaPlatform implementation: [org.hibernate.engine.transaction.jta.platform.internal.NoJtaPlatform]
2022-02-28 09:24:10.265  INFO 38932 --- [restartedMain] j.LocalContainerEntityManagerFactoryBean : Initialized JPA EntityManagerFactory for persistence unit 'default'
2022-02-28 09:24:10.904  WARN 38932 --- [restartedMain] JpaBaseConfiguration$JpaWebConfiguration : spring.jpa.open-in-view is enabled by default. Therefore, database queries may be performed during view rendering. Explicitly configure spring.jpa.open-in-view to disable this warning
2022-02-28 09:24:11.459  WARN 38932 --- [restartedMain] ion$DefaultTemplateResolverConfiguration : Cannot find template location: classpath:/templates/ (please add some templates or check your Thymeleaf configuration)
2022-02-28 09:24:11.804  INFO 38932 --- [restartedMain] o.s.b.d.a.OptionalLiveReloadServer       : LiveReload server is running on port 35729
2022-02-28 09:24:11.810  INFO 38932 --- [restartedMain] o.s.b.a.e.web.EndpointLinksResolver      : Exposing 1 endpoint(s) beneath base path '/actuator'
2022-02-28 09:24:11.869  INFO 38932 --- [restartedMain] o.s.b.w.embedded.tomcat.TomcatWebServer  : Tomcat started on port(s): 8081 (http) with context path ''
2022-02-28 09:24:11.890  INFO 38932 --- [restartedMain] com.innova.loan.LoanApplication          : Started LoanApplication in 4.996 seconds (JVM running for 7.023)
2022-02-28 09:24:12.409  INFO 38932 --- [RMI TCP Connection(1)-192.168.56.1] o.a.c.c.C.[Tomcat].[localhost].[/]       : Initializing Spring DispatcherServlet 'dispatcherServlet'
2022-02-28 09:24:12.410  INFO 38932 --- [RMI TCP Connection(1)-192.168.56.1] o.s.web.servlet.DispatcherServlet        : Initializing Servlet 'dispatcherServlet'
2022-02-28 09:24:12.411  INFO 38932 --- [RMI TCP Connection(1)-192.168.56.1] o.s.web.servlet.DispatcherServlet        : Completed initialization in 1 ms
2022-02-28 09:24:40.848  INFO 38932 --- [SpringApplicationShutdownHook] j.LocalContainerEntityManagerFactoryBean : Closing JPA EntityManagerFactory for persistence unit 'default'
2022-02-28 09:24:40.853  INFO 38932 --- [SpringApplicationShutdownHook] com.zaxxer.hikari.HikariDataSource       : HikariPool-1 - Shutdown initiated...
2022-02-28 09:24:40.857  INFO 38932 --- [SpringApplicationShutdownHook] com.zaxxer.hikari.HikariDataSource       : HikariPool-1 - Shutdown completed.
2022-02-28 09:24:47.565  INFO 34972 --- [restartedMain] com.innova.loan.LoanApplication          : Starting LoanApplication using Java 11.0.11 on DESKTOP-LJAO3JT with PID 34972 (C:\Users\MSI\Desktop\loan\target\classes started by MSI in C:\Users\MSI\Desktop\loan)
2022-02-28 09:24:47.567  INFO 34972 --- [restartedMain] com.innova.loan.LoanApplication          : No active profile set, falling back to 1 default profile: "default"
2022-02-28 09:24:47.644  INFO 34972 --- [restartedMain] .e.DevToolsPropertyDefaultsPostProcessor : Devtools property defaults active! Set 'spring.devtools.add-properties' to 'false' to disable
2022-02-28 09:24:47.644  INFO 34972 --- [restartedMain] .e.DevToolsPropertyDefaultsPostProcessor : For additional web related logging consider setting the 'logging.level.web' property to 'DEBUG'
2022-02-28 09:24:48.696  INFO 34972 --- [restartedMain] .s.d.r.c.RepositoryConfigurationDelegate : Bootstrapping Spring Data JPA repositories in DEFAULT mode.
2022-02-28 09:24:48.757  INFO 34972 --- [restartedMain] .s.d.r.c.RepositoryConfigurationDelegate : Finished Spring Data repository scanning in 52 ms. Found 2 JPA repository interfaces.
2022-02-28 09:24:49.364  INFO 34972 --- [restartedMain] o.s.b.w.embedded.tomcat.TomcatWebServer  : Tomcat initialized with port(s): 8081 (http)
2022-02-28 09:24:49.372  INFO 34972 --- [restartedMain] o.apache.catalina.core.StandardService   : Starting service [Tomcat]
2022-02-28 09:24:49.373  INFO 34972 --- [restartedMain] org.apache.catalina.core.StandardEngine  : Starting Servlet engine: [Apache Tomcat/9.0.58]
2022-02-28 09:24:49.494  INFO 34972 --- [restartedMain] o.a.c.c.C.[Tomcat].[localhost].[/]       : Initializing Spring embedded WebApplicationContext
2022-02-28 09:24:49.495  INFO 34972 --- [restartedMain] w.s.c.ServletWebServerApplicationContext : Root WebApplicationContext: initialization completed in 1850 ms
2022-02-28 09:24:49.620  INFO 34972 --- [restartedMain] com.zaxxer.hikari.HikariDataSource       : HikariPool-1 - Starting...
2022-02-28 09:24:49.745  INFO 34972 --- [restartedMain] com.zaxxer.hikari.HikariDataSource       : HikariPool-1 - Start completed.
2022-02-28 09:24:49.754  INFO 34972 --- [restartedMain] o.s.b.a.h2.H2ConsoleAutoConfiguration    : H2 console available at '/h2-console'. Database available at 'jdbc:h2:file:./memory_persist/loandb'
2022-02-28 09:24:49.889  INFO 34972 --- [restartedMain] o.hibernate.jpa.internal.util.LogHelper  : HHH000204: Processing PersistenceUnitInfo [name: default]
2022-02-28 09:24:49.932  INFO 34972 --- [restartedMain] org.hibernate.Version                    : HHH000412: Hibernate ORM core version 5.6.5.Final
2022-02-28 09:24:50.056  INFO 34972 --- [restartedMain] o.hibernate.annotations.common.Version   : HCANN000001: Hibernate Commons Annotations {5.1.2.Final}
2022-02-28 09:24:50.156  INFO 34972 --- [restartedMain] org.hibernate.dialect.Dialect            : HHH000400: Using dialect: org.hibernate.dialect.H2Dialect
2022-02-28 09:24:50.713  INFO 34972 --- [restartedMain] o.h.e.t.j.p.i.JtaPlatformInitiator       : HHH000490: Using JtaPlatform implementation: [org.hibernate.engine.transaction.jta.platform.internal.NoJtaPlatform]
2022-02-28 09:24:50.721  INFO 34972 --- [restartedMain] j.LocalContainerEntityManagerFactoryBean : Initialized JPA EntityManagerFactory for persistence unit 'default'
2022-02-28 09:24:51.448  WARN 34972 --- [restartedMain] JpaBaseConfiguration$JpaWebConfiguration : spring.jpa.open-in-view is enabled by default. Therefore, database queries may be performed during view rendering. Explicitly configure spring.jpa.open-in-view to disable this warning
2022-02-28 09:24:52.086  WARN 34972 --- [restartedMain] ion$DefaultTemplateResolverConfiguration : Cannot find template location: classpath:/templates/ (please add some templates or check your Thymeleaf configuration)
2022-02-28 09:24:52.425  INFO 34972 --- [restartedMain] o.s.b.d.a.OptionalLiveReloadServer       : LiveReload server is running on port 35729
2022-02-28 09:24:52.430  INFO 34972 --- [restartedMain] o.s.b.a.e.web.EndpointLinksResolver      : Exposing 1 endpoint(s) beneath base path '/actuator'
2022-02-28 09:24:52.478  INFO 34972 --- [restartedMain] o.s.b.w.embedded.tomcat.TomcatWebServer  : Tomcat started on port(s): 8081 (http) with context path ''
2022-02-28 09:24:52.495  INFO 34972 --- [restartedMain] com.innova.loan.LoanApplication          : Started LoanApplication in 5.39 seconds (JVM running for 6.801)
2022-02-28 09:24:53.087  INFO 34972 --- [RMI TCP Connection(4)-192.168.56.1] o.a.c.c.C.[Tomcat].[localhost].[/]       : Initializing Spring DispatcherServlet 'dispatcherServlet'
2022-02-28 09:24:53.088  INFO 34972 --- [RMI TCP Connection(4)-192.168.56.1] o.s.web.servlet.DispatcherServlet        : Initializing Servlet 'dispatcherServlet'
2022-02-28 09:24:53.090  INFO 34972 --- [RMI TCP Connection(4)-192.168.56.1] o.s.web.servlet.DispatcherServlet        : Completed initialization in 2 ms
2022-02-28 09:25:24.858  INFO 34972 --- [SpringApplicationShutdownHook] j.LocalContainerEntityManagerFactoryBean : Closing JPA EntityManagerFactory for persistence unit 'default'
2022-02-28 09:25:24.862  INFO 34972 --- [SpringApplicationShutdownHook] com.zaxxer.hikari.HikariDataSource       : HikariPool-1 - Shutdown initiated...
2022-02-28 09:25:24.866  INFO 34972 --- [SpringApplicationShutdownHook] com.zaxxer.hikari.HikariDataSource       : HikariPool-1 - Shutdown completed.
2022-02-28 11:04:24.094  INFO 10568 --- [restartedMain] com.innova.loan.LoanApplication          : Starting LoanApplication using Java 11.0.11 on DESKTOP-LJAO3JT with PID 10568 (C:\Users\MSI\Desktop\loan\target\classes started by MSI in C:\Users\MSI\Desktop\loan)
2022-02-28 11:04:24.106  INFO 10568 --- [restartedMain] com.innova.loan.LoanApplication          : No active profile set, falling back to 1 default profile: "default"
2022-02-28 11:04:24.152  INFO 10568 --- [restartedMain] .e.DevToolsPropertyDefaultsPostProcessor : Devtools property defaults active! Set 'spring.devtools.add-properties' to 'false' to disable
2022-02-28 11:04:24.153  INFO 10568 --- [restartedMain] .e.DevToolsPropertyDefaultsPostProcessor : For additional web related logging consider setting the 'logging.level.web' property to 'DEBUG'
2022-02-28 11:04:25.852  INFO 10568 --- [restartedMain] .s.d.r.c.RepositoryConfigurationDelegate : Bootstrapping Spring Data JPA repositories in DEFAULT mode.
2022-02-28 11:04:25.972  INFO 10568 --- [restartedMain] .s.d.r.c.RepositoryConfigurationDelegate : Finished Spring Data repository scanning in 51 ms. Found 2 JPA repository interfaces.
2022-02-28 11:04:26.552  INFO 10568 --- [restartedMain] o.s.b.w.embedded.tomcat.TomcatWebServer  : Tomcat initialized with port(s): 8081 (http)
2022-02-28 11:04:26.560  INFO 10568 --- [restartedMain] o.apache.catalina.core.StandardService   : Starting service [Tomcat]
2022-02-28 11:04:26.560  INFO 10568 --- [restartedMain] org.apache.catalina.core.StandardEngine  : Starting Servlet engine: [Apache Tomcat/9.0.58]
2022-02-28 11:04:26.731  INFO 10568 --- [restartedMain] o.a.c.c.C.[Tomcat].[localhost].[/]       : Initializing Spring embedded WebApplicationContext
2022-02-28 11:04:26.732  INFO 10568 --- [restartedMain] w.s.c.ServletWebServerApplicationContext : Root WebApplicationContext: initialization completed in 2578 ms
2022-02-28 11:04:26.896  INFO 10568 --- [restartedMain] com.zaxxer.hikari.HikariDataSource       : HikariPool-1 - Starting...
2022-02-28 11:04:27.032  INFO 10568 --- [restartedMain] com.zaxxer.hikari.HikariDataSource       : HikariPool-1 - Start completed.
2022-02-28 11:04:27.040  INFO 10568 --- [restartedMain] o.s.b.a.h2.H2ConsoleAutoConfiguration    : H2 console available at '/h2-console'. Database available at 'jdbc:h2:file:./memory_persist/loandb'
2022-02-28 11:04:27.168  INFO 10568 --- [restartedMain] o.hibernate.jpa.internal.util.LogHelper  : HHH000204: Processing PersistenceUnitInfo [name: default]
2022-02-28 11:04:27.221  INFO 10568 --- [restartedMain] org.hibernate.Version                    : HHH000412: Hibernate ORM core version 5.6.5.Final
2022-02-28 11:04:27.357  INFO 10568 --- [restartedMain] o.hibernate.annotations.common.Version   : HCANN000001: Hibernate Commons Annotations {5.1.2.Final}
2022-02-28 11:04:27.442  INFO 10568 --- [restartedMain] org.hibernate.dialect.Dialect            : HHH000400: Using dialect: org.hibernate.dialect.H2Dialect
2022-02-28 11:04:27.984  INFO 10568 --- [restartedMain] o.h.e.t.j.p.i.JtaPlatformInitiator       : HHH000490: Using JtaPlatform implementation: [org.hibernate.engine.transaction.jta.platform.internal.NoJtaPlatform]
2022-02-28 11:04:27.996  INFO 10568 --- [restartedMain] j.LocalContainerEntityManagerFactoryBean : Initialized JPA EntityManagerFactory for persistence unit 'default'
2022-02-28 11:04:29.243  WARN 10568 --- [restartedMain] JpaBaseConfiguration$JpaWebConfiguration : spring.jpa.open-in-view is enabled by default. Therefore, database queries may be performed during view rendering. Explicitly configure spring.jpa.open-in-view to disable this warning
2022-02-28 11:04:29.780  WARN 10568 --- [restartedMain] ion$DefaultTemplateResolverConfiguration : Cannot find template location: classpath:/templates/ (please add some templates or check your Thymeleaf configuration)
2022-02-28 11:04:30.145  INFO 10568 --- [restartedMain] o.s.b.d.a.OptionalLiveReloadServer       : LiveReload server is running on port 35729
2022-02-28 11:04:30.151  INFO 10568 --- [restartedMain] o.s.b.a.e.web.EndpointLinksResolver      : Exposing 1 endpoint(s) beneath base path '/actuator'
2022-02-28 11:04:30.225  INFO 10568 --- [restartedMain] o.s.b.w.embedded.tomcat.TomcatWebServer  : Tomcat started on port(s): 8081 (http) with context path ''
2022-02-28 11:04:30.250  INFO 10568 --- [restartedMain] com.innova.loan.LoanApplication          : Started LoanApplication in 6.599 seconds (JVM running for 7.899)
2022-02-28 11:04:30.919  INFO 10568 --- [RMI TCP Connection(6)-192.168.56.1] o.a.c.c.C.[Tomcat].[localhost].[/]       : Initializing Spring DispatcherServlet 'dispatcherServlet'
2022-02-28 11:04:30.920  INFO 10568 --- [RMI TCP Connection(6)-192.168.56.1] o.s.web.servlet.DispatcherServlet        : Initializing Servlet 'dispatcherServlet'
2022-02-28 11:04:30.923  INFO 10568 --- [RMI TCP Connection(6)-192.168.56.1] o.s.web.servlet.DispatcherServlet        : Completed initialization in 2 ms
2022-02-28 11:06:45.382  INFO 10568 --- [http-nio-8081-exec-6] o.springdoc.api.AbstractOpenApiResource  : Init duration for springdoc-openapi is: 318 ms
2022-02-28 11:11:53.211  INFO 10568 --- [SpringApplicationShutdownHook] j.LocalContainerEntityManagerFactoryBean : Closing JPA EntityManagerFactory for persistence unit 'default'
2022-02-28 11:11:53.215  INFO 10568 --- [SpringApplicationShutdownHook] com.zaxxer.hikari.HikariDataSource       : HikariPool-1 - Shutdown initiated...
2022-02-28 11:11:53.219  INFO 10568 --- [SpringApplicationShutdownHook] com.zaxxer.hikari.HikariDataSource       : HikariPool-1 - Shutdown completed.
